#
# A fatal error has been detected by the Java Runtime Environment:
#
#  EXCEPTION_ACCESS_VIOLATION (0xc0000005) at pc=0x000000005707e03b, pid=5016, tid=0x0000000000001a1c
#
# JRE version: OpenJDK Runtime Environment (8.0_76-b03) (build 1.8.0_76-release-b03)
# Java VM: OpenJDK 64-Bit Server VM (25.76-b03 mixed mode windows-amd64 compressed oops)
# Problematic frame:
# V  [jvm.dll+0xee03b]
#
# Failed to write core dump. Minidumps are not enabled by default on client versions of Windows
#
# If you would like to submit a bug report, please visit:
#   http://bugreport.java.com/bugreport/crash.jsp
#

---------------  T H R E A D  ---------------

Current thread (0x000000000282b800):  GCTaskThread [stack: 0x0000000012690000,0x0000000012790000] [id=6684]

siginfo: ExceptionCode=0xc0000005, reading address 0x0000000800000000

Registers:
RAX=0x0000000012790000, RBX=0x0000000081c00458, RCX=0x0000000000000003, RDX=0x0000000000000001
RSP=0x000000001278f340, RBP=0x000000009ce86350, RSI=0x00000000028fc850, RDI=0x00000000028fc850
R8 =0x00000007fffffff8, R9 =0x000000010008bbb8, R10=0x000000000000000c, R11=0x000000005754fa68
R12=0x000000009ce86360, R13=0x000000010008bdf8, R14=0x000000010008be00, R15=0x000000009ce86340
RIP=0x000000005707e03b, EFLAGS=0x0000000000010202

Top of Stack: (sp=0x000000001278f340)
0x000000001278f340:   000000010008bbb8 000000009ce86300
0x000000001278f350:   00000000028fc850 00000000571841f2
0x000000001278f360:   0000000000000000 000000000282c0b0
0x000000001278f370:   00000000028224c0 0000000000000003
0x000000001278f380:   00000000000005e2 000000005734eb00
0x000000001278f390:   00000000028fc850 0000000000000000
0x000000001278f3a0:   00000000028fc850 000000005759ba18
0x000000001278f3b0:   000000009cff2d10 0000000057352c48
0x000000001278f3c0:   0000000057749d00 0000000000000005
0x000000001278f3d0:   0000000000000000 00001584000001c5
0x000000001278f3e0:   000000009cfee744 000000005707e0d6
0x000000001278f3f0:   000000009cff2d10 00000000028224c0
0x000000001278f400:   000000000282c0c0 000000000282c0b0
0x000000001278f410:   000000005759ba18 0000000000000003
0x000000001278f420:   000000001a633ff0 0000000000000000
0x000000001278f430:   00000000028fc850 000000005734c47f 

Instructions: (pc=0x000000005707e03b)
0x000000005707e01b:   6c 00 84 d2 74 16 44 8b 43 08 8b 0d 25 46 66 00
0x000000005707e02b:   49 d3 e0 4c 03 05 13 46 66 00 eb 04 4c 8b 43 08
0x000000005707e03b:   45 8b 48 08 45 85 c9 7e 0c 41 f6 c1 01 75 4b 41
0x000000005707e04b:   c1 f9 03 eb 57 79 43 84 d2 41 8b c9 b8 10 00 00 


Register to memory mapping:

RAX=0x0000000012790000 is an unknown value
RBX=0x0000000081c00458 is pointing into object: 0x0000000081c00450
com.android.dx.dex.code.Dop 
 - klass: 'com/android/dx/dex/code/Dop'
RCX=0x0000000000000003 is an unknown value
RDX=0x0000000000000001 is an unknown value
RSP=0x000000001278f340 is an unknown value
RBP=0x000000009ce86350 is pointing into object: 0x000000009ce86340
com.android.dx.dex.code.LocalSnapshot 
 - klass: 'com/android/dx/dex/code/LocalSnapshot'
RSI=0x00000000028fc850 is an unknown value
RDI=0x00000000028fc850 is an unknown value
R8 =0x00000007fffffff8 is an unknown value
R9 =0x000000010008bbb8 is pointing into metadata
R10=0x000000000000000c is an unknown value
R11=0x000000005754fa68 is an unknown value
R12=0x000000009ce86360 is an oop
com.android.dx.rop.code.RegisterSpecSet 
 - klass: 'com/android/dx/rop/code/RegisterSpecSet'
R13=0x000000010008bdf8 is pointing into metadata
R14=0x000000010008be00 is pointing into metadata
R15=0x000000009ce86340 is an oop
com.android.dx.dex.code.LocalSnapshot 
 - klass: 'com/android/dx/dex/code/LocalSnapshot'


Stack: [0x0000000012690000,0x0000000012790000],  sp=0x000000001278f340,  free space=1020k
Native frames: (J=compiled Java code, j=interpreted, Vv=VM code, C=native code)
V  [jvm.dll+0xee03b]
V  [jvm.dll+0x3beb00]
V  [jvm.dll+0x3bc47f]
V  [jvm.dll+0x3b997e]
V  [jvm.dll+0x26b60a]
C  [msvcr100.dll+0x21d9f]
C  [msvcr100.dll+0x21e3b]
C  [KERNEL32.DLL+0x8364]
C  [ntdll.dll+0x65e91]


---------------  P R O C E S S  ---------------

Java Threads: ( => current thread )
  0x0000000019714800 JavaThread "pool-2-thread-4" [_thread_blocked, id=4880, stack(0x000000001b050000,0x000000001b150000)]
  0x0000000019713800 JavaThread "pool-2-thread-3" [_thread_blocked, id=3008, stack(0x000000001af50000,0x000000001b050000)]
  0x0000000019979800 JavaThread "pool-2-thread-2" [_thread_blocked, id=3000, stack(0x000000001ae50000,0x000000001af50000)]
  0x000000001922b000 JavaThread "pool-3-thread-1" [_thread_blocked, id=2984, stack(0x000000001ad50000,0x000000001ae50000)]
  0x00000000195ee800 JavaThread "pool-2-thread-1" [_thread_blocked, id=3028, stack(0x000000001ac50000,0x000000001ad50000)]
  0x000000001758e000 JavaThread "Service Thread" daemon [_thread_blocked, id=4888, stack(0x0000000019280000,0x0000000019380000)]
  0x0000000017537000 JavaThread "C1 CompilerThread2" daemon [_thread_blocked, id=4884, stack(0x0000000018d80000,0x0000000018e80000)]
  0x0000000017533800 JavaThread "C2 CompilerThread1" daemon [_thread_blocked, id=2548, stack(0x0000000018c80000,0x0000000018d80000)]
  0x000000001752e000 JavaThread "C2 CompilerThread0" daemon [_thread_blocked, id=1072, stack(0x0000000018b80000,0x0000000018c80000)]
  0x000000001752d000 JavaThread "Attach Listener" daemon [_thread_blocked, id=5252, stack(0x0000000018a80000,0x0000000018b80000)]
  0x0000000017529800 JavaThread "Signal Dispatcher" daemon [_thread_blocked, id=2544, stack(0x0000000018980000,0x0000000018a80000)]
  0x0000000017518800 JavaThread "Finalizer" daemon [_thread_blocked, id=3140, stack(0x0000000018790000,0x0000000018890000)]
  0x0000000002901800 JavaThread "Reference Handler" daemon [_thread_blocked, id=208, stack(0x0000000018690000,0x0000000018790000)]
  0x000000000280d800 JavaThread "main" [_thread_blocked, id=1444, stack(0x0000000002690000,0x0000000002790000)]

Other Threads:
  0x00000000174f5000 VMThread [stack: 0x0000000018590000,0x0000000018690000] [id=3056]
  0x0000000018ea6000 WatcherThread [stack: 0x0000000019380000,0x0000000019480000] [id=3344]

=>0x000000000282b800 (exited) GCTaskThread [stack: 0x0000000012690000,0x0000000012790000] [id=6684]

VM state:at safepoint (normal execution)

VM Mutex/Monitor currently owned by a thread:  ([mutex/lock_event])
[0x000000000280caa0] Threads_lock - owner thread: 0x00000000174f5000
[0x000000000280cba0] Heap_lock - owner thread: 0x0000000019713800

Heap:
 PSYoungGen      total 393216K, used 145907K [0x00000000d5580000, 0x0000000100000000, 0x0000000100000000)
  eden space 247296K, 0% used [0x00000000d5580000,0x00000000d5580000,0x00000000e4700000)
  from space 145920K, 99% used [0x00000000f7180000,0x00000000ffffccc8,0x0000000100000000)
  to   space 225792K, 0% used [0x00000000e4700000,0x00000000e4700000,0x00000000f2380000)
 ParOldGen       total 618496K, used 595895K [0x0000000080000000, 0x00000000a5c00000, 0x00000000d5580000)
  object space 618496K, 96% used [0x0000000080000000,0x00000000a45edcc0,0x00000000a5c00000)
 Metaspace       used 6628K, capacity 7280K, committed 7552K, reserved 1056768K
  class space    used 600K, capacity 616K, committed 640K, reserved 1048576K

Card table byte_map: [0x0000000011cd0000,0x00000000120e0000] byte_map_base: 0x00000000118d0000

Marking Bits: (ParMarkBitMap*) 0x0000000057749d00
 Begin Bits: [0x0000000012790000, 0x0000000014790000)
 End Bits:   [0x0000000014790000, 0x0000000016790000)

Polling page: 0x0000000002650000

CodeCache: size=245760Kb used=10751Kb max_used=14976Kb free=235008Kb
 bounds [0x0000000002910000, 0x00000000037d0000, 0x0000000011910000]
 total_blobs=2517 nmethods=2247 adapters=183
 compilation: enabled

Compilation events (10 events):
Event: 40.817 Thread 0x0000000017537000 3103       3       com.android.dx.util.IntList::insert (115 bytes)
Event: 40.818 Thread 0x0000000017537000 nmethod 3103 0x0000000002b662d0 code [0x0000000002b66480, 0x0000000002b669c8]
Event: 40.836 Thread 0x000000001752e000 nmethod 3095 0x000000000370ac90 code [0x000000000370ae40, 0x000000000370bbb8]
Event: 40.836 Thread 0x000000001752e000 3106       4       com.android.dx.util.IntList::insert (115 bytes)
Event: 40.845 Thread 0x000000001752e000 nmethod 3106 0x0000000002cc0f90 code [0x0000000002cc10e0, 0x0000000002cc1578]
Event: 40.845 Thread 0x000000001752e000 3105       4       com.android.dx.ssa.back.LivenessAnalyzer::handleTailRecursion (94 bytes)
Event: 40.885 Thread 0x0000000017533800 nmethod 3097 0x00000000036dc990 code [0x00000000036dcba0, 0x00000000036de4e8]
Event: 40.885 Thread 0x0000000017533800 3108 %     4       com.android.dx.ssa.back.LivenessAnalyzer::constructInterferenceGraph @ 16 (47 bytes)
Event: 40.897 Thread 0x0000000017533800 nmethod 3108% 0x0000000002cf75d0 code [0x0000000002cf7760, 0x0000000002cf7d18]
Event: 40.897 Thread 0x0000000017533800 3104       4       com.android.dx.ssa.back.LivenessAnalyzer::liveInAtStatement (55 bytes)

GC Heap History (10 events):
Event: 27.197 GC heap after
Heap after GC invocations=21 (full 4):
 PSYoungGen      total 501248K, used 63896K [0x00000000d5580000, 0x00000000fe000000, 0x0000000100000000)
  eden space 389632K, 0% used [0x00000000d5580000,0x00000000d5580000,0x00000000ed200000)
  from space 111616K, 57% used [0x00000000ed200000,0x00000000f10660a0,0x00000000f3f00000)
  to   space 113152K, 0% used [0x00000000f7180000,0x00000000f7180000,0x00000000fe000000)
 ParOldGen       total 419328K, used 373262K [0x0000000080000000, 0x0000000099980000, 0x00000000d5580000)
  object space 419328K, 89% used [0x0000000080000000,0x0000000096c83950,0x0000000099980000)
 Metaspace       used 6617K, capacity 7280K, committed 7552K, reserved 1056768K
  class space    used 599K, capacity 616K, committed 640K, reserved 1048576K
}
Event: 27.197 GC heap before
{Heap before GC invocations=22 (full 5):
 PSYoungGen      total 501248K, used 63896K [0x00000000d5580000, 0x00000000fe000000, 0x0000000100000000)
  eden space 389632K, 0% used [0x00000000d5580000,0x00000000d5580000,0x00000000ed200000)
  from space 111616K, 57% used [0x00000000ed200000,0x00000000f10660a0,0x00000000f3f00000)
  to   space 113152K, 0% used [0x00000000f7180000,0x00000000f7180000,0x00000000fe000000)
 ParOldGen       total 419328K, used 373262K [0x0000000080000000, 0x0000000099980000, 0x00000000d5580000)
  object space 419328K, 89% used [0x0000000080000000,0x0000000096c83950,0x0000000099980000)
 Metaspace       used 6617K, capacity 7280K, committed 7552K, reserved 1056768K
  class space    used 599K, capacity 616K, committed 640K, reserved 1048576K
Event: 30.276 GC heap after
Heap after GC invocations=22 (full 5):
 PSYoungGen      total 501248K, used 15998K [0x00000000d5580000, 0x00000000fe000000, 0x0000000100000000)
  eden space 389632K, 0% used [0x00000000d5580000,0x00000000d5580000,0x00000000ed200000)
  from space 111616K, 14% used [0x00000000ed200000,0x00000000ee19faa8,0x00000000f3f00000)
  to   space 113152K, 0% used [0x00000000f7180000,0x00000000f7180000,0x00000000fe000000)
 ParOldGen       total 618496K, used 418954K [0x0000000080000000, 0x00000000a5c00000, 0x00000000d5580000)
  object space 618496K, 67% used [0x0000000080000000,0x0000000099922b68,0x00000000a5c00000)
 Metaspace       used 6617K, capacity 7280K, committed 7552K, reserved 1056768K
  class space    used 599K, capacity 616K, committed 640K, reserved 1048576K
}
Event: 36.442 GC heap before
{Heap before GC invocations=23 (full 5):
 PSYoungGen      total 501248K, used 405630K [0x00000000d5580000, 0x00000000fe000000, 0x0000000100000000)
  eden space 389632K, 100% used [0x00000000d5580000,0x00000000ed200000,0x00000000ed200000)
  from space 111616K, 14% used [0x00000000ed200000,0x00000000ee19faa8,0x00000000f3f00000)
  to   space 113152K, 0% used [0x00000000f7180000,0x00000000f7180000,0x00000000fe000000)
 ParOldGen       total 618496K, used 418954K [0x0000000080000000, 0x00000000a5c00000, 0x00000000d5580000)
  object space 618496K, 67% used [0x0000000080000000,0x0000000099922b68,0x00000000a5c00000)
 Metaspace       used 6628K, capacity 7280K, committed 7552K, reserved 1056768K
  class space    used 600K, capacity 616K, committed 640K, reserved 1048576K
Event: 36.826 GC heap after
Heap after GC invocations=23 (full 5):
 PSYoungGen      total 539648K, used 74548K [0x00000000d5580000, 0x00000000fdd80000, 0x0000000100000000)
  eden space 429056K, 0% used [0x00000000d5580000,0x00000000d5580000,0x00000000ef880000)
  from space 110592K, 67% used [0x00000000f7180000,0x00000000fba4d0b0,0x00000000fdd80000)
  to   space 117248K, 0% used [0x00000000ef880000,0x00000000ef880000,0x00000000f6b00000)
 ParOldGen       total 618496K, used 418962K [0x0000000080000000, 0x00000000a5c00000, 0x00000000d5580000)
  object space 618496K, 67% used [0x0000000080000000,0x0000000099924b68,0x00000000a5c00000)
 Metaspace       used 6628K, capacity 7280K, committed 7552K, reserved 1056768K
  class space    used 600K, capacity 616K, committed 640K, reserved 1048576K
}
Event: 38.860 GC heap before
{Heap before GC invocations=24 (full 5):
 PSYoungGen      total 539648K, used 503604K [0x00000000d5580000, 0x00000000fdd80000, 0x0000000100000000)
  eden space 429056K, 100% used [0x00000000d5580000,0x00000000ef880000,0x00000000ef880000)
  from space 110592K, 67% used [0x00000000f7180000,0x00000000fba4d0b0,0x00000000fdd80000)
  to   space 117248K, 0% used [0x00000000ef880000,0x00000000ef880000,0x00000000f6b00000)
 ParOldGen       total 618496K, used 418962K [0x0000000080000000, 0x00000000a5c00000, 0x00000000d5580000)
  object space 618496K, 67% used [0x0000000080000000,0x0000000099924b68,0x00000000a5c00000)
 Metaspace       used 6628K, capacity 7280K, committed 7552K, reserved 1056768K
  class space    used 600K, capacity 616K, committed 640K, reserved 1048576K
Event: 39.125 GC heap after
Heap after GC invocations=24 (full 5):
 PSYoungGen      total 546304K, used 117216K [0x00000000d5580000, 0x0000000100000000, 0x0000000100000000)
  eden space 429056K, 0% used [0x00000000d5580000,0x00000000d5580000,0x00000000ef880000)
  from space 117248K, 99% used [0x00000000ef880000,0x00000000f6af8230,0x00000000f6b00000)
  to   space 145920K, 0% used [0x00000000f7180000,0x00000000f7180000,0x0000000100000000)
 ParOldGen       total 618496K, used 445241K [0x0000000080000000, 0x00000000a5c00000, 0x00000000d5580000)
  object space 618496K, 71% used [0x0000000080000000,0x000000009b2ce6b0,0x00000000a5c00000)
 Metaspace       used 6628K, capacity 7280K, committed 7552K, reserved 1056768K
  class space    used 600K, capacity 616K, committed 640K, reserved 1048576K
}
Event: 40.904 GC heap before
{Heap before GC invocations=25 (full 5):
 PSYoungGen      total 546304K, used 546272K [0x00000000d5580000, 0x0000000100000000, 0x0000000100000000)
  eden space 429056K, 100% used [0x00000000d5580000,0x00000000ef880000,0x00000000ef880000)
  from space 117248K, 99% used [0x00000000ef880000,0x00000000f6af8230,0x00000000f6b00000)
  to   space 145920K, 0% used [0x00000000f7180000,0x00000000f7180000,0x0000000100000000)
 ParOldGen       total 618496K, used 445241K [0x0000000080000000, 0x00000000a5c00000, 0x00000000d5580000)
  object space 618496K, 71% used [0x0000000080000000,0x000000009b2ce6b0,0x00000000a5c00000)
 Metaspace       used 6628K, capacity 7280K, committed 7552K, reserved 1056768K
  class space    used 600K, capacity 616K, committed 640K, reserved 1048576K
Event: 41.304 GC heap after
Heap after GC invocations=25 (full 5):
 PSYoungGen      total 393216K, used 145907K [0x00000000d5580000, 0x0000000100000000, 0x0000000100000000)
  eden space 247296K, 0% used [0x00000000d5580000,0x00000000d5580000,0x00000000e4700000)
  from space 145920K, 99% used [0x00000000f7180000,0x00000000ffffccc8,0x0000000100000000)
  to   space 225792K, 0% used [0x00000000e4700000,0x00000000e4700000,0x00000000f2380000)
 ParOldGen       total 618496K, used 595895K [0x0000000080000000, 0x00000000a5c00000, 0x00000000d5580000)
  object space 618496K, 96% used [0x0000000080000000,0x00000000a45edcc0,0x00000000a5c00000)
 Metaspace       used 6628K, capacity 7280K, committed 7552K, reserved 1056768K
  class space    used 600K, capacity 616K, committed 640K, reserved 1048576K
}
Event: 41.304 GC heap before
{Heap before GC invocations=26 (full 6):
 PSYoungGen      total 393216K, used 145907K [0x00000000d5580000, 0x0000000100000000, 0x0000000100000000)
  eden space 247296K, 0% used [0x00000000d5580000,0x00000000d5580000,0x00000000e4700000)
  from space 145920K, 99% used [0x00000000f7180000,0x00000000ffffccc8,0x0000000100000000)
  to   space 225792K, 0% used [0x00000000e4700000,0x00000000e4700000,0x00000000f2380000)
 ParOldGen       total 618496K, used 595895K [0x0000000080000000, 0x00000000a5c00000, 0x00000000d5580000)
  object space 618496K, 96% used [0x0000000080000000,0x00000000a45edcc0,0x00000000a5c00000)
 Metaspace       used 6628K, capacity 7280K, committed 7552K, reserved 1056768K
  class space    used 600K, capacity 616K, committed 640K, reserved 1048576K

Deoptimization events (10 events):
Event: 40.800 Thread 0x0000000019714800 Uncommon trap: reason=unstable_if action=reinterpret pc=0x0000000002de6b78 method=com.android.dx.ssa.SetFactory.makeLivenessSet(I)Lcom/android/dx/util/IntSet; @ 4
Event: 40.800 Thread 0x0000000019714800 Uncommon trap: reason=unstable_if action=reinterpret pc=0x0000000002db185c method=com.android.dx.ssa.SetFactory.makeLivenessSet(I)Lcom/android/dx/util/IntSet; @ 4
Event: 40.812 Thread 0x0000000019714800 Uncommon trap: reason=unstable_if action=reinterpret pc=0x0000000002e04da8 method=com.android.dx.ssa.SetFactory.makeLivenessSet(I)Lcom/android/dx/util/IntSet; @ 4
Event: 40.812 Thread 0x0000000019714800 Uncommon trap: reason=class_check action=maybe_recompile pc=0x0000000002dd8c90 method=com.android.dx.ssa.back.InterferenceGraph.add(II)V @ 19
Event: 40.812 Thread 0x0000000019714800 Uncommon trap: reason=class_check action=maybe_recompile pc=0x0000000002dd8c90 method=com.android.dx.ssa.back.InterferenceGraph.add(II)V @ 19
Event: 40.812 Thread 0x0000000019714800 Uncommon trap: reason=class_check action=maybe_recompile pc=0x0000000002dd8c90 method=com.android.dx.ssa.back.InterferenceGraph.add(II)V @ 19
Event: 40.812 Thread 0x0000000019714800 Uncommon trap: reason=class_check action=maybe_recompile pc=0x0000000002dd8c90 method=com.android.dx.ssa.back.InterferenceGraph.add(II)V @ 19
Event: 40.813 Thread 0x0000000019714800 Uncommon trap: reason=class_check action=maybe_recompile pc=0x0000000003689f38 method=com.android.dx.ssa.back.InterferenceGraph.add(II)V @ 19
Event: 40.817 Thread 0x0000000019714800 Uncommon trap: reason=unstable_if action=reinterpret pc=0x0000000003398cc0 method=com.android.dx.util.IntList.insert(II)V @ 69
Event: 40.817 Thread 0x0000000019713800 Uncommon trap: reason=unstable_if action=reinterpret pc=0x0000000003398cc0 method=com.android.dx.util.IntList.insert(II)V @ 69

Internal exceptions (9 events):
Event: 0.035 Thread 0x000000000280d800 Exception <a 'java/lang/NoSuchMethodError': Method sun.misc.Unsafe.defineClass(Ljava/lang/String;[BII)Ljava/lang/Class; name or signature does not match> (0x00000000d5587cc0) thrown at [C:\src\android\AOSP-openjdk\external\jetbrains\jdk\hotspot\src\share\vçË™_…+¢?
Event: 0.035 Thread 0x000000000280d800 Exception <a 'java/lang/NoSuchMethodError': Method sun.misc.Unsafe.prefetchRead(Ljava/lang/Object;J)V name or signature does not match> (0x00000000d5587fa8) thrown at [C:\src\android\AOSP-openjdk\external\jetbrains\jdk\hotspot\src\share\vm\prims\jni.cpp, l™w~tLäî?
Event: 0.965 Thread 0x0000000019714800 Implicit null exception at 0x0000000002ca5e50 to 0x0000000002ca8865
Event: 1.412 Thread 0x00000000195ee800 Implicit null exception at 0x0000000002cc3491 to 0x0000000002cc5cd1
Event: 1.972 Thread 0x0000000019714800 Implicit null exception at 0x0000000002faa198 to 0x0000000002faa305
Event: 3.401 Thread 0x0000000019713800 Exception <a 'java/lang/ArrayIndexOutOfBoundsException': 18> (0x00000000d9a1c068) thrown at [C:\src\android\AOSP-openjdk\external\jetbrains\jdk\hotspot\src\share\vm\interpreter\interpreterRuntime.cpp, line 366]
Event: 3.401 Thread 0x0000000019713800 Exception <a 'java/lang/ArrayIndexOutOfBoundsException': 145> (0x00000000d9a1dbe8) thrown at [C:\src\android\AOSP-openjdk\external\jetbrains\jdk\hotspot\src\share\vm\interpreter\interpreterRuntime.cpp, line 366]
Event: 3.402 Thread 0x0000000019713800 Exception <a 'java/lang/ArrayIndexOutOfBoundsException'> (0x00000000d9a1eed0) thrown at [C:\src\android\AOSP-openjdk\external\jetbrains\jdk\hotspot\src\share\vm\runtime\sharedRuntime.cpp, line 605]
Event: 12.430 Thread 0x000000000280d800 Implicit null exception at 0x0000000002a8f905 to 0x0000000002a90275

Events (10 events):
Event: 40.813 Thread 0x0000000019714800 Uncommon trap: trap_request=0xffffffde fr.pc=0x0000000003689f38
Event: 40.813 Thread 0x0000000019714800 DEOPT PACKING pc=0x0000000003689f38 sp=0x000000001b14e840
Event: 40.813 Thread 0x0000000019714800 DEOPT UNPACKING pc=0x000000000295556a sp=0x000000001b14e828 mode 2
Event: 40.817 Thread 0x0000000019714800 Uncommon trap: trap_request=0xffffff65 fr.pc=0x0000000003398cc0
Event: 40.817 Thread 0x0000000019713800 Uncommon trap: trap_request=0xffffff65 fr.pc=0x0000000003398cc0
Event: 40.817 Thread 0x0000000019713800 DEOPT PACKING pc=0x0000000003398cc0 sp=0x000000001b04eb30
Event: 40.817 Thread 0x0000000019714800 DEOPT PACKING pc=0x0000000003398cc0 sp=0x000000001b14e780
Event: 40.817 Thread 0x0000000019713800 DEOPT UNPACKING pc=0x000000000295556a sp=0x000000001b04eb08 mode 2
Event: 40.817 Thread 0x0000000019714800 DEOPT UNPACKING pc=0x000000000295556a sp=0x000000001b14e758 mode 2
Event: 40.904 Executing VM operation: ParallelGCFailedAllocation


Dynamic libraries:
0x00007ff6a2e30000 - 0x00007ff6a2e61000 	C:\Program Files\Android\Android Studio\jre\bin\java.exe
0x00007ffce5ea0000 - 0x00007ffce6071000 	C:\Windows\SYSTEM32\ntdll.dll
0x00007ffce5850000 - 0x00007ffce58fb000 	C:\Windows\System32\KERNEL32.DLL
0x00007ffce2b30000 - 0x00007ffce2d4d000 	C:\Windows\System32\KERNELBASE.dll
0x00007ffce5740000 - 0x00007ffce57e2000 	C:\Windows\System32\ADVAPI32.dll
0x00007ffce3910000 - 0x00007ffce39ae000 	C:\Windows\System32\msvcrt.dll
0x00007ffce57f0000 - 0x00007ffce5849000 	C:\Windows\System32\sechost.dll
0x00007ffce4ec0000 - 0x00007ffce4fe1000 	C:\Windows\System32\RPCRT4.dll
0x00007ffce37a0000 - 0x00007ffce3905000 	C:\Windows\System32\USER32.dll
0x00007ffce2660000 - 0x00007ffce267e000 	C:\Windows\System32\win32u.dll
0x00007ffce56b0000 - 0x00007ffce56e4000 	C:\Windows\System32\GDI32.dll
0x00007ffce2680000 - 0x00007ffce2802000 	C:\Windows\System32\gdi32full.dll
0x00007ffcd6850000 - 0x00007ffcd6ac9000 	C:\Windows\WinSxS\amd64_microsoft.windows.common-controls_6595b64144ccf1df_6.0.14393.447_none_42191651c6827bb3\COMCTL32.dll
0x00007ffce5bd0000 - 0x00007ffce5e97000 	C:\Windows\System32\combase.dll
0x00007ffce2a30000 - 0x00007ffce2b25000 	C:\Windows\System32\ucrtbase.dll
0x00007ffce2810000 - 0x00007ffce287a000 	C:\Windows\System32\bcryptPrimitives.dll
0x00007ffce4ff0000 - 0x00007ffce501e000 	C:\Windows\System32\IMM32.DLL
0x0000000056eb0000 - 0x0000000056f82000 	C:\Program Files\Android\Android Studio\jre\jre\bin\msvcr100.dll
0x0000000056f90000 - 0x00000000577c4000 	C:\Program Files\Android\Android Studio\jre\jre\bin\server\jvm.dll
0x00007ffce5710000 - 0x00007ffce5718000 	C:\Windows\System32\PSAPI.DLL
0x00007ffcd47c0000 - 0x00007ffcd47c9000 	C:\Windows\SYSTEM32\WSOCK32.dll
0x00007ffcdfeb0000 - 0x00007ffcdfed3000 	C:\Windows\SYSTEM32\WINMM.dll
0x00007ffce5900000 - 0x00007ffce596a000 	C:\Windows\System32\WS2_32.dll
0x00007ffcd9ea0000 - 0x00007ffcd9eaa000 	C:\Windows\SYSTEM32\VERSION.dll
0x0000000002620000 - 0x000000000264b000 	C:\Windows\SYSTEM32\WINMMBASE.dll
0x00007ffce2610000 - 0x00007ffce2652000 	C:\Windows\System32\cfgmgr32.dll
0x00007ffcd9620000 - 0x00007ffcd962f000 	C:\Program Files\Android\Android Studio\jre\jre\bin\verify.dll
0x00007ffcd64b0000 - 0x00007ffcd64d9000 	C:\Program Files\Android\Android Studio\jre\jre\bin\java.dll
0x00007ffcd6740000 - 0x00007ffcd6756000 	C:\Program Files\Android\Android Studio\jre\jre\bin\zip.dll
0x00007ffce39b0000 - 0x00007ffce4eb9000 	C:\Windows\System32\SHELL32.dll
0x00007ffce2d50000 - 0x00007ffce342a000 	C:\Windows\System32\windows.storage.dll
0x00007ffce2300000 - 0x00007ffce234c000 	C:\Windows\System32\powrprof.dll
0x00007ffce5080000 - 0x00007ffce50d2000 	C:\Windows\System32\shlwapi.dll
0x00007ffce2370000 - 0x00007ffce237f000 	C:\Windows\System32\kernel.appcore.dll
0x00007ffce2920000 - 0x00007ffce29c9000 	C:\Windows\System32\shcore.dll
0x00007ffce2350000 - 0x00007ffce2364000 	C:\Windows\System32\profapi.dll
0x00007ffcd1680000 - 0x00007ffcd1812000 	C:\Windows\SYSTEM32\dbghelp.dll

VM Arguments:
jvm_args: -Djava.awt.headless=true -Xmx2048M -Dfile.encoding=UTF-8 -Duser.country=US -Duser.language=en -Duser.variant 
java_command: com.android.dx.command.Main --dex --num-threads=4 --multi-dex --main-dex-list C:\Users\kuush\StudioProjects\parkme_Shimla\app\build\intermediates\multi-dex\debug\maindexlist.txt --output C:\Users\kuush\StudioProjects\parkme_Shimla\app\build\intermediates\transforms\dex\debug\folders\1000\1f\main C:\Users\kuush\StudioProjects\parkme_Shimla\app\build\intermediates\transforms\jarMerging\debug\jars\1\1f\combined.jar
java_class_path (initial): C:\Users\kuush\AppData\Local\Android\sdk\build-tools\23.0.3\lib\dx.jar
Launcher Type: SUN_STANDARD

Environment Variables:
PATH=C:\ProgramData\Oracle\Java\javapath;C:\Windows\system32;C:\Windows;C:\Windows\System32\Wbem;C:\Windows\System32\WindowsPowerShell\v1.0\;C:\Program Files\Git\cmd;C:\Program Files\Microsoft SQL Server\120\Tools\Binn\;C:\Program Files\Microsoft SQL Server\130\Tools\Binn\;C:\Program Files (x86)\nodejs\;C:\Program Files (x86)\Windows Kits\10\Windows Performance Toolkit\;C:\Program Files (x86)\Brackets\command;C:\Program Files\Microsoft\Web Platform Installer\;C:\Program Files\dotnet\;C:\Program Files\Microsoft SQL Server\110\DTS\Binn\;C:\Program Files (x86)\Microsoft SQL Server\110\Tools\Binn\;C:\Program Files\Microsoft SQL Server\110\Tools\Binn\;C:\Program Files (x86)\Microsoft SQL Server\110\Tools\Binn\ManagementStudio\;C:\Program Files (x86)\Microsoft Visual Studio 10.0\Common7\IDE\PrivateAssemblies\;C:\Program Files (x86)\Microsoft SQL Server\110\DTS\Binn\;C:\Users\kuush\AppData\Local\Microsoft\WindowsApps;C:\Users\kuush\AppData\Roaming\npm
USERNAME=kuush
OS=Windows_NT
PROCESSOR_IDENTIFIER=Intel64 Family 6 Model 42 Stepping 7, GenuineIntel



---------------  S Y S T E M  ---------------

OS: Windows 10.0 , 64 bit Build 14393 (10.0.14393.0)

CPU:total 4 (2 cores per cpu, 2 threads per core) family 6 model 42 stepping 7, cmov, cx8, fxsr, mmx, sse, sse2, sse3, ssse3, sse4.1, sse4.2, popcnt, avx, aes, clmul, ht, tsc, tscinvbit

Memory: 4k page, physical 4127092k(248748k free), swap 8059252k(1856744k free)

vm_info: OpenJDK 64-Bit Server VM (25.76-b03) for windows-amd64 JRE (1.8.0_76-release-b03), built on Jun 29 2016 19:09:20 by "ralucas" with MS VC++ 10.0 (VS2010)

time: Thu Dec 08 12:03:38 2016
elapsed time: 46 seconds (0d 0h 0m 46s)

